<?xml version="1.0" encoding="UTF-8"?>
<testsuite name="TannenbaumTest" tests="1" skipped="0" failures="0" errors="0" timestamp="2022-05-18T14:59:51" hostname="WST14001" time="0.02">
  <properties/>
  <testcase name="tree_could_be_decorated()" classname="TannenbaumTest" time="0.02"/>
  <system-out><![CDATA[]]></system-out>
  <system-err><![CDATA[]]></system-err>
</testsuite>
